<?xml version="1.0" encoding="UTF-8"?>
<robot generator="Robot 5.0.1 (Python 3.10.6 on linux)" generated="20221018 23:40:59.148" rpa="false" schemaversion="3">
<suite id="s1" name="Saranen" source="/home/greeshma/my-robo/saranen.robot">
<kw name="Navigate to homepage" type="SETUP">
<kw name="Open Browser" library="SeleniumLibrary">
<arg>${URL}</arg>
<arg>Chrome</arg>
<doc>Opens a new browser instance to the optional ``url``.</doc>
<msg timestamp="20221018 23:40:59.342" level="INFO">Opening browser 'Chrome' to base url 'https://www.saranen.fi/'.</msg>
<status status="PASS" starttime="20221018 23:40:59.341" endtime="20221018 23:41:11.307"/>
</kw>
<kw name="Maximize Browser Window" library="SeleniumLibrary">
<doc>Maximizes current browser window.</doc>
<status status="PASS" starttime="20221018 23:41:11.307" endtime="20221018 23:41:11.616"/>
</kw>
<status status="PASS" starttime="20221018 23:40:59.341" endtime="20221018 23:41:11.616"/>
</kw>
<test id="s1-t1" name="Login to saranen and Validate Successful Login" line="42">
<kw name="Accept cookies">
<arg>//button[text()='Hyväksy kaikki evästeet']</arg>
<kw name="Wait Until Element Is Visible" library="SeleniumLibrary">
<arg>${locator}</arg>
<arg>10s</arg>
<doc>Waits until the element ``locator`` is visible.</doc>
<status status="PASS" starttime="20221018 23:41:11.621" endtime="20221018 23:41:11.721"/>
</kw>
<kw name="Click Element" library="SeleniumLibrary">
<arg>${locator}</arg>
<doc>Click the element identified by ``locator``.</doc>
<msg timestamp="20221018 23:41:11.722" level="INFO">Clicking element '//button[text()='Hyväksy kaikki evästeet']'.</msg>
<status status="PASS" starttime="20221018 23:41:11.721" endtime="20221018 23:41:11.897"/>
</kw>
<status status="PASS" starttime="20221018 23:41:11.619" endtime="20221018 23:41:11.898"/>
</kw>
<kw name="Select English language and Application login">
<kw name="Click Element" library="SeleniumLibrary">
<arg>//a[text()='In English']</arg>
<doc>Click the element identified by ``locator``.</doc>
<msg timestamp="20221018 23:41:11.911" level="INFO">Clicking element '//a[text()='In English']'.</msg>
<status status="PASS" starttime="20221018 23:41:11.910" endtime="20221018 23:41:13.764"/>
</kw>
<kw name="Click Element" library="SeleniumLibrary">
<arg>//a[text()='Application login']</arg>
<doc>Click the element identified by ``locator``.</doc>
<msg timestamp="20221018 23:41:13.765" level="INFO">Clicking element '//a[text()='Application login']'.</msg>
<status status="PASS" starttime="20221018 23:41:13.765" endtime="20221018 23:41:13.858"/>
</kw>
<status status="PASS" starttime="20221018 23:41:11.899" endtime="20221018 23:41:13.858"/>
</kw>
<kw name="Accept cookies">
<arg>//input[@class="cookie-input approval"]</arg>
<kw name="Wait Until Element Is Visible" library="SeleniumLibrary">
<arg>${locator}</arg>
<arg>10s</arg>
<doc>Waits until the element ``locator`` is visible.</doc>
<status status="PASS" starttime="20221018 23:41:13.859" endtime="20221018 23:41:16.788"/>
</kw>
<kw name="Click Element" library="SeleniumLibrary">
<arg>${locator}</arg>
<doc>Click the element identified by ``locator``.</doc>
<msg timestamp="20221018 23:41:16.790" level="INFO">Clicking element '//input[@class="cookie-input approval"]'.</msg>
<status status="PASS" starttime="20221018 23:41:16.789" endtime="20221018 23:41:16.884"/>
</kw>
<status status="PASS" starttime="20221018 23:41:13.858" endtime="20221018 23:41:16.884"/>
</kw>
<kw name="Select English flag">
<kw name="Click Element" library="SeleniumLibrary">
<arg>//img[@title="in English"]</arg>
<doc>Click the element identified by ``locator``.</doc>
<msg timestamp="20221018 23:41:16.885" level="INFO">Clicking element '//img[@title="in English"]'.</msg>
<status status="PASS" starttime="20221018 23:41:16.885" endtime="20221018 23:41:17.542"/>
</kw>
<status status="PASS" starttime="20221018 23:41:16.884" endtime="20221018 23:41:17.543"/>
</kw>
<kw name="Saranen login">
<arg>greeshmaperiyapa</arg>
<arg>Qwe2646@#141991</arg>
<kw name="Input Text" library="SeleniumLibrary">
<arg>//input[@id="username"]</arg>
<arg>${username}</arg>
<doc>Types the given ``text`` into the text field identified by ``locator``.</doc>
<msg timestamp="20221018 23:41:17.545" level="INFO">Typing text 'greeshmaperiyapa' into text field '//input[@id="username"]'.</msg>
<status status="PASS" starttime="20221018 23:41:17.544" endtime="20221018 23:41:17.676"/>
</kw>
<kw name="Input Password" library="SeleniumLibrary">
<arg>//input[@type="password"]</arg>
<arg>${password}</arg>
<doc>Types the given password into the text field identified by ``locator``.</doc>
<msg timestamp="20221018 23:41:17.677" level="INFO">Typing password into text field '//input[@type="password"]'.</msg>
<msg timestamp="20221018 23:41:17.735" level="INFO">Temporally setting log level to: NONE</msg>
<msg timestamp="20221018 23:41:17.802" level="INFO">Log level changed from NONE to INFO.</msg>
<status status="PASS" starttime="20221018 23:41:17.676" endtime="20221018 23:41:17.802"/>
</kw>
<kw name="Click Element" library="SeleniumLibrary">
<arg>//input[@value="Login"]</arg>
<doc>Click the element identified by ``locator``.</doc>
<msg timestamp="20221018 23:41:17.804" level="INFO">Clicking element '//input[@value="Login"]'.</msg>
<status status="PASS" starttime="20221018 23:41:17.803" endtime="20221018 23:41:20.335"/>
</kw>
<status status="PASS" starttime="20221018 23:41:17.543" endtime="20221018 23:41:20.335"/>
</kw>
<kw name="Validate Successful login">
<kw name="Element Should Be Visible" library="SeleniumLibrary">
<arg>(//b[text()='Työpaikka'])</arg>
<doc>Verifies that the element identified by ``locator`` is visible.</doc>
<msg timestamp="20221018 23:41:20.379" level="INFO">Element '(//b[text()='Työpaikka'])' is displayed.</msg>
<status status="PASS" starttime="20221018 23:41:20.336" endtime="20221018 23:41:20.379"/>
</kw>
<status status="PASS" starttime="20221018 23:41:20.335" endtime="20221018 23:41:20.379"/>
</kw>
<status status="PASS" starttime="20221018 23:41:11.617" endtime="20221018 23:41:20.379"/>
</test>
<status status="PASS" starttime="20221018 23:40:59.150" endtime="20221018 23:41:20.381"/>
</suite>
<statistics>
<total>
<stat pass="1" fail="0" skip="0">All Tests</stat>
</total>
<tag>
</tag>
<suite>
<stat pass="1" fail="0" skip="0" id="s1" name="Saranen">Saranen</stat>
</suite>
</statistics>
<errors>
</errors>
</robot>
