<?xml version="1.0" encoding="UTF-8"?>
<robot generator="Robot 5.0.1 (Python 3.10.6 on linux)" generated="20221024 23:39:53.884" rpa="false" schemaversion="3">
<suite id="s1" name="LoginTest" source="/home/greeshma/my-robo/studypath/TestCases/LoginTest.robot">
<test id="s1-t1" name="LoginTest" line="17">
<kw name="Open my Browser" library="LoginKeywords">
<arg>${URL}</arg>
<arg>${Browser}</arg>
<kw name="Open Browser" library="SeleniumLibrary">
<arg>${URL}</arg>
<arg>${Browser}</arg>
<doc>Opens a new browser instance to the optional ``url``.</doc>
<msg timestamp="20221024 23:39:54.753" level="INFO">Opening browser 'chrome' to base url 'https://demo.guru99.com/test/newtours/'.</msg>
<status status="PASS" starttime="20221024 23:39:54.753" endtime="20221024 23:40:15.964"/>
</kw>
<kw name="Maximize Browser Window" library="SeleniumLibrary">
<doc>Maximizes current browser window.</doc>
<status status="PASS" starttime="20221024 23:40:15.964" endtime="20221024 23:40:16.294"/>
</kw>
<status status="PASS" starttime="20221024 23:39:54.752" endtime="20221024 23:40:16.295"/>
</kw>
<kw name="Accept Cookies" library="LoginKeywords">
<kw name="Select Frame" library="SeleniumLibrary">
<arg>//*[@id='gdpr-consent-notice']</arg>
<doc>Sets frame identified by ``locator`` as the current frame.</doc>
<msg timestamp="20221024 23:40:16.297" level="INFO">Selecting frame '//*[@id='gdpr-consent-notice']'.</msg>
<status status="PASS" starttime="20221024 23:40:16.296" endtime="20221024 23:40:16.392"/>
</kw>
<kw name="Wait Until Element Is Visible" library="SeleniumLibrary">
<arg>//*[@id='save']</arg>
<arg>10s</arg>
<doc>Waits until the element ``locator`` is visible.</doc>
<status status="PASS" starttime="20221024 23:40:16.392" endtime="20221024 23:40:17.307"/>
</kw>
<kw name="Sleep" library="BuiltIn">
<arg>3s</arg>
<doc>Pauses the test executed for the given time.</doc>
<msg timestamp="20221024 23:40:20.307" level="INFO">Slept 3 seconds</msg>
<status status="PASS" starttime="20221024 23:40:17.307" endtime="20221024 23:40:20.308"/>
</kw>
<kw name="Click Element" library="SeleniumLibrary">
<arg>//*[@id='save']</arg>
<doc>Click the element identified by ``locator``.</doc>
<msg timestamp="20221024 23:40:20.310" level="INFO">Clicking element '//*[@id='save']'.</msg>
<status status="PASS" starttime="20221024 23:40:20.309" endtime="20221024 23:40:21.003"/>
</kw>
<kw name="Unselect Frame" library="SeleniumLibrary">
<doc>Sets the main frame as the current frame.</doc>
<status status="PASS" starttime="20221024 23:40:21.004" endtime="20221024 23:40:21.195"/>
</kw>
<status status="PASS" starttime="20221024 23:40:16.295" endtime="20221024 23:40:21.195"/>
</kw>
<kw name="Enter username" library="LoginKeywords">
<arg>${username}</arg>
<kw name="Input Text" library="SeleniumLibrary">
<arg>${txt_loginUserName}</arg>
<arg>${username}</arg>
<doc>Types the given ``text`` into the text field identified by ``locator``.</doc>
<msg timestamp="20221024 23:40:21.198" level="INFO">Typing text 'tutorial' into text field 'name:userName'.</msg>
<status status="PASS" starttime="20221024 23:40:21.196" endtime="20221024 23:40:22.051"/>
</kw>
<status status="PASS" starttime="20221024 23:40:21.195" endtime="20221024 23:40:22.051"/>
</kw>
<kw name="Enter password" library="LoginKeywords">
<arg>${password}</arg>
<kw name="Input Password" library="SeleniumLibrary">
<arg>//input[@name="password"]</arg>
<arg>${password}</arg>
<doc>Types the given password into the text field identified by ``locator``.</doc>
<msg timestamp="20221024 23:40:22.082" level="INFO">Typing password into text field '//input[@name="password"]'.</msg>
<msg timestamp="20221024 23:40:22.665" level="INFO">Temporally setting log level to: NONE</msg>
<msg timestamp="20221024 23:40:22.778" level="INFO">Log level changed from NONE to INFO.</msg>
<status status="PASS" starttime="20221024 23:40:22.081" endtime="20221024 23:40:22.778"/>
</kw>
<status status="PASS" starttime="20221024 23:40:22.052" endtime="20221024 23:40:22.778"/>
</kw>
<kw name="Click SignIn" library="LoginKeywords">
<kw name="Click Button" library="SeleniumLibrary">
<arg>//input[@value="Submit"]</arg>
<doc>Clicks the button identified by ``locator``.</doc>
<msg timestamp="20221024 23:40:22.779" level="INFO">Clicking button '//input[@value="Submit"]'.</msg>
<status status="PASS" starttime="20221024 23:40:22.779" endtime="20221024 23:40:24.352"/>
</kw>
<status status="PASS" starttime="20221024 23:40:22.778" endtime="20221024 23:40:24.353"/>
</kw>
<kw name="Sleep" library="BuiltIn">
<arg>5s</arg>
<doc>Pauses the test executed for the given time.</doc>
<msg timestamp="20221024 23:40:29.354" level="INFO">Slept 5 seconds</msg>
<status status="PASS" starttime="20221024 23:40:24.353" endtime="20221024 23:40:29.354"/>
</kw>
<kw name="Verify Successful Login" library="LoginKeywords">
<kw name="Title Should Be" library="SeleniumLibrary">
<arg>Login: Mercury Tours</arg>
<doc>Verifies that the current page title equals ``title``.</doc>
<msg timestamp="20221024 23:40:29.377" level="INFO">Page title is 'Login: Mercury Tours'.</msg>
<status status="PASS" starttime="20221024 23:40:29.356" endtime="20221024 23:40:29.377"/>
</kw>
<status status="PASS" starttime="20221024 23:40:29.355" endtime="20221024 23:40:29.378"/>
</kw>
<tag>SmokeTesting</tag>
<status status="PASS" starttime="20221024 23:39:54.750" endtime="20221024 23:40:29.378"/>
</test>
<test id="s1-t2" name="ProductTest1" line="30">
<tag>SmokeTesting</tag>
<status status="FAIL" starttime="20221024 23:40:29.379" endtime="20221024 23:40:29.381">Test contains no keywords.</status>
</test>
<status status="FAIL" starttime="20221024 23:39:53.885" endtime="20221024 23:40:29.382"/>
</suite>
<statistics>
<total>
<stat pass="1" fail="1" skip="0">All Tests</stat>
</total>
<tag>
<stat pass="1" fail="1" skip="0">SmokeTesting</stat>
</tag>
<suite>
<stat pass="1" fail="1" skip="0" id="s1" name="LoginTest">LoginTest</stat>
</suite>
</statistics>
<errors>
</errors>
</robot>
